<?xml version="1.0" encoding="UTF-8"?>
<testsuite xmlns:xsi="http://www.w3.org/2001/XMLSchema-instance" xsi:noNamespaceSchemaLocation="https://maven.apache.org/surefire/maven-surefire-plugin/xsd/surefire-test-report.xsd" name="com.networks.in.uk.JenkinsCalculatorTest" time="0.005" tests="2" errors="0" skipped="0" failures="0">
  <properties>
    <property name="sun.desktop" value="windows"/>
    <property name="awt.toolkit" value="sun.awt.windows.WToolkit"/>
    <property name="java.specification.version" value="11"/>
    <property name="sun.cpu.isalist" value="amd64"/>
    <property name="sun.jnu.encoding" value="Cp1252"/>
    <property name="java.class.path" value="C:\Metaswitch\MSW\Kirill\Jenkins\repo_m\ws\networkConfiguration\target\test-classes;C:\Metaswitch\MSW\Kirill\Jenkins\repo_m\ws\networkConfiguration\target\classes;C:\maven_local_repo\org\springframework\boot\spring-boot-starter\2.2.2.RELEASE\spring-boot-starter-2.2.2.RELEASE.jar;C:\maven_local_repo\org\springframework\boot\spring-boot\2.2.2.RELEASE\spring-boot-2.2.2.RELEASE.jar;C:\maven_local_repo\org\springframework\spring-context\5.2.2.RELEASE\spring-context-5.2.2.RELEASE.jar;C:\maven_local_repo\org\springframework\spring-aop\5.2.2.RELEASE\spring-aop-5.2.2.RELEASE.jar;C:\maven_local_repo\org\springframework\spring-beans\5.2.2.RELEASE\spring-beans-5.2.2.RELEASE.jar;C:\maven_local_repo\org\springframework\spring-expression\5.2.2.RELEASE\spring-expression-5.2.2.RELEASE.jar;C:\maven_local_repo\org\springframework\boot\spring-boot-autoconfigure\2.2.2.RELEASE\spring-boot-autoconfigure-2.2.2.RELEASE.jar;C:\maven_local_repo\org\springframework\boot\spring-boot-starter-logging\2.2.2.RELEASE\spring-boot-starter-logging-2.2.2.RELEASE.jar;C:\maven_local_repo\ch\qos\logback\logback-classic\1.2.3\logback-classic-1.2.3.jar;C:\maven_local_repo\ch\qos\logback\logback-core\1.2.3\logback-core-1.2.3.jar;C:\maven_local_repo\org\apache\logging\log4j\log4j-to-slf4j\2.12.1\log4j-to-slf4j-2.12.1.jar;C:\maven_local_repo\org\apache\logging\log4j\log4j-api\2.12.1\log4j-api-2.12.1.jar;C:\maven_local_repo\org\slf4j\jul-to-slf4j\1.7.29\jul-to-slf4j-1.7.29.jar;C:\maven_local_repo\jakarta\annotation\jakarta.annotation-api\1.3.5\jakarta.annotation-api-1.3.5.jar;C:\maven_local_repo\org\springframework\spring-core\5.2.2.RELEASE\spring-core-5.2.2.RELEASE.jar;C:\maven_local_repo\org\springframework\spring-jcl\5.2.2.RELEASE\spring-jcl-5.2.2.RELEASE.jar;C:\maven_local_repo\org\yaml\snakeyaml\1.25\snakeyaml-1.25.jar;C:\maven_local_repo\org\springframework\boot\spring-boot-starter-test\2.2.2.RELEASE\spring-boot-starter-test-2.2.2.RELEASE.jar;C:\maven_local_repo\org\springframework\boot\spring-boot-test\2.2.2.RELEASE\spring-boot-test-2.2.2.RELEASE.jar;C:\maven_local_repo\org\springframework\boot\spring-boot-test-autoconfigure\2.2.2.RELEASE\spring-boot-test-autoconfigure-2.2.2.RELEASE.jar;C:\maven_local_repo\com\jayway\jsonpath\json-path\2.4.0\json-path-2.4.0.jar;C:\maven_local_repo\net\minidev\json-smart\2.3\json-smart-2.3.jar;C:\maven_local_repo\net\minidev\accessors-smart\1.2\accessors-smart-1.2.jar;C:\maven_local_repo\org\ow2\asm\asm\5.0.4\asm-5.0.4.jar;C:\maven_local_repo\org\slf4j\slf4j-api\1.7.29\slf4j-api-1.7.29.jar;C:\maven_local_repo\jakarta\xml\bind\jakarta.xml.bind-api\2.3.2\jakarta.xml.bind-api-2.3.2.jar;C:\maven_local_repo\jakarta\activation\jakarta.activation-api\1.2.1\jakarta.activation-api-1.2.1.jar;C:\maven_local_repo\org\junit\jupiter\junit-jupiter\5.5.2\junit-jupiter-5.5.2.jar;C:\maven_local_repo\org\junit\jupiter\junit-jupiter-api\5.5.2\junit-jupiter-api-5.5.2.jar;C:\maven_local_repo\org\apiguardian\apiguardian-api\1.1.0\apiguardian-api-1.1.0.jar;C:\maven_local_repo\org\opentest4j\opentest4j\1.2.0\opentest4j-1.2.0.jar;C:\maven_local_repo\org\junit\platform\junit-platform-commons\1.5.2\junit-platform-commons-1.5.2.jar;C:\maven_local_repo\org\junit\jupiter\junit-jupiter-params\5.5.2\junit-jupiter-params-5.5.2.jar;C:\maven_local_repo\org\junit\jupiter\junit-jupiter-engine\5.5.2\junit-jupiter-engine-5.5.2.jar;C:\maven_local_repo\org\junit\platform\junit-platform-engine\1.5.2\junit-platform-engine-1.5.2.jar;C:\maven_local_repo\org\mockito\mockito-junit-jupiter\3.1.0\mockito-junit-jupiter-3.1.0.jar;C:\maven_local_repo\org\assertj\assertj-core\3.13.2\assertj-core-3.13.2.jar;C:\maven_local_repo\org\hamcrest\hamcrest\2.1\hamcrest-2.1.jar;C:\maven_local_repo\org\mockito\mockito-core\3.1.0\mockito-core-3.1.0.jar;C:\maven_local_repo\net\bytebuddy\byte-buddy\1.10.4\byte-buddy-1.10.4.jar;C:\maven_local_repo\net\bytebuddy\byte-buddy-agent\1.10.4\byte-buddy-agent-1.10.4.jar;C:\maven_local_repo\org\objenesis\objenesis\2.6\objenesis-2.6.jar;C:\maven_local_repo\org\skyscreamer\jsonassert\1.5.0\jsonassert-1.5.0.jar;C:\maven_local_repo\com\vaadin\external\google\android-json\0.0.20131108.vaadin1\android-json-0.0.20131108.vaadin1.jar;C:\maven_local_repo\org\springframework\spring-test\5.2.2.RELEASE\spring-test-5.2.2.RELEASE.jar;C:\maven_local_repo\org\xmlunit\xmlunit-core\2.6.3\xmlunit-core-2.6.3.jar;C:\maven_local_repo\junit\junit\4.12\junit-4.12.jar;C:\maven_local_repo\org\hamcrest\hamcrest-core\2.1\hamcrest-core-2.1.jar;"/>
    <property name="java.vm.vendor" value="Oracle Corporation"/>
    <property name="sun.arch.data.model" value="64"/>
    <property name="user.variant" value=""/>
    <property name="java.vendor.url" value="http://java.oracle.com/"/>
    <property name="user.timezone" value="Asia/Calcutta"/>
    <property name="java.vm.specification.version" value="11"/>
    <property name="os.name" value="Windows 10"/>
    <property name="sun.java.launcher" value="SUN_STANDARD"/>
    <property name="user.country" value="IN"/>
    <property name="sun.boot.library.path" value="C:\Softwares\Java\jdk-11.0.4\bin"/>
    <property name="sun.java.command" value="C:\Users\MANUJA~1\AppData\Local\Temp\surefire7575271462167036763\surefirebooter14203245100920662919.jar C:\Users\ManuJadli\AppData\Local\Temp\surefire7575271462167036763 2020-01-01T23-32-34_518-jvmRun1 surefire3327096378519990433tmp surefire_04887456131086914057tmp"/>
    <property name="jdk.debug" value="release"/>
    <property name="surefire.test.class.path" value="C:\Metaswitch\MSW\Kirill\Jenkins\repo_m\ws\networkConfiguration\target\test-classes;C:\Metaswitch\MSW\Kirill\Jenkins\repo_m\ws\networkConfiguration\target\classes;C:\maven_local_repo\org\springframework\boot\spring-boot-starter\2.2.2.RELEASE\spring-boot-starter-2.2.2.RELEASE.jar;C:\maven_local_repo\org\springframework\boot\spring-boot\2.2.2.RELEASE\spring-boot-2.2.2.RELEASE.jar;C:\maven_local_repo\org\springframework\spring-context\5.2.2.RELEASE\spring-context-5.2.2.RELEASE.jar;C:\maven_local_repo\org\springframework\spring-aop\5.2.2.RELEASE\spring-aop-5.2.2.RELEASE.jar;C:\maven_local_repo\org\springframework\spring-beans\5.2.2.RELEASE\spring-beans-5.2.2.RELEASE.jar;C:\maven_local_repo\org\springframework\spring-expression\5.2.2.RELEASE\spring-expression-5.2.2.RELEASE.jar;C:\maven_local_repo\org\springframework\boot\spring-boot-autoconfigure\2.2.2.RELEASE\spring-boot-autoconfigure-2.2.2.RELEASE.jar;C:\maven_local_repo\org\springframework\boot\spring-boot-starter-logging\2.2.2.RELEASE\spring-boot-starter-logging-2.2.2.RELEASE.jar;C:\maven_local_repo\ch\qos\logback\logback-classic\1.2.3\logback-classic-1.2.3.jar;C:\maven_local_repo\ch\qos\logback\logback-core\1.2.3\logback-core-1.2.3.jar;C:\maven_local_repo\org\apache\logging\log4j\log4j-to-slf4j\2.12.1\log4j-to-slf4j-2.12.1.jar;C:\maven_local_repo\org\apache\logging\log4j\log4j-api\2.12.1\log4j-api-2.12.1.jar;C:\maven_local_repo\org\slf4j\jul-to-slf4j\1.7.29\jul-to-slf4j-1.7.29.jar;C:\maven_local_repo\jakarta\annotation\jakarta.annotation-api\1.3.5\jakarta.annotation-api-1.3.5.jar;C:\maven_local_repo\org\springframework\spring-core\5.2.2.RELEASE\spring-core-5.2.2.RELEASE.jar;C:\maven_local_repo\org\springframework\spring-jcl\5.2.2.RELEASE\spring-jcl-5.2.2.RELEASE.jar;C:\maven_local_repo\org\yaml\snakeyaml\1.25\snakeyaml-1.25.jar;C:\maven_local_repo\org\springframework\boot\spring-boot-starter-test\2.2.2.RELEASE\spring-boot-starter-test-2.2.2.RELEASE.jar;C:\maven_local_repo\org\springframework\boot\spring-boot-test\2.2.2.RELEASE\spring-boot-test-2.2.2.RELEASE.jar;C:\maven_local_repo\org\springframework\boot\spring-boot-test-autoconfigure\2.2.2.RELEASE\spring-boot-test-autoconfigure-2.2.2.RELEASE.jar;C:\maven_local_repo\com\jayway\jsonpath\json-path\2.4.0\json-path-2.4.0.jar;C:\maven_local_repo\net\minidev\json-smart\2.3\json-smart-2.3.jar;C:\maven_local_repo\net\minidev\accessors-smart\1.2\accessors-smart-1.2.jar;C:\maven_local_repo\org\ow2\asm\asm\5.0.4\asm-5.0.4.jar;C:\maven_local_repo\org\slf4j\slf4j-api\1.7.29\slf4j-api-1.7.29.jar;C:\maven_local_repo\jakarta\xml\bind\jakarta.xml.bind-api\2.3.2\jakarta.xml.bind-api-2.3.2.jar;C:\maven_local_repo\jakarta\activation\jakarta.activation-api\1.2.1\jakarta.activation-api-1.2.1.jar;C:\maven_local_repo\org\junit\jupiter\junit-jupiter\5.5.2\junit-jupiter-5.5.2.jar;C:\maven_local_repo\org\junit\jupiter\junit-jupiter-api\5.5.2\junit-jupiter-api-5.5.2.jar;C:\maven_local_repo\org\apiguardian\apiguardian-api\1.1.0\apiguardian-api-1.1.0.jar;C:\maven_local_repo\org\opentest4j\opentest4j\1.2.0\opentest4j-1.2.0.jar;C:\maven_local_repo\org\junit\platform\junit-platform-commons\1.5.2\junit-platform-commons-1.5.2.jar;C:\maven_local_repo\org\junit\jupiter\junit-jupiter-params\5.5.2\junit-jupiter-params-5.5.2.jar;C:\maven_local_repo\org\junit\jupiter\junit-jupiter-engine\5.5.2\junit-jupiter-engine-5.5.2.jar;C:\maven_local_repo\org\junit\platform\junit-platform-engine\1.5.2\junit-platform-engine-1.5.2.jar;C:\maven_local_repo\org\mockito\mockito-junit-jupiter\3.1.0\mockito-junit-jupiter-3.1.0.jar;C:\maven_local_repo\org\assertj\assertj-core\3.13.2\assertj-core-3.13.2.jar;C:\maven_local_repo\org\hamcrest\hamcrest\2.1\hamcrest-2.1.jar;C:\maven_local_repo\org\mockito\mockito-core\3.1.0\mockito-core-3.1.0.jar;C:\maven_local_repo\net\bytebuddy\byte-buddy\1.10.4\byte-buddy-1.10.4.jar;C:\maven_local_repo\net\bytebuddy\byte-buddy-agent\1.10.4\byte-buddy-agent-1.10.4.jar;C:\maven_local_repo\org\objenesis\objenesis\2.6\objenesis-2.6.jar;C:\maven_local_repo\org\skyscreamer\jsonassert\1.5.0\jsonassert-1.5.0.jar;C:\maven_local_repo\com\vaadin\external\google\android-json\0.0.20131108.vaadin1\android-json-0.0.20131108.vaadin1.jar;C:\maven_local_repo\org\springframework\spring-test\5.2.2.RELEASE\spring-test-5.2.2.RELEASE.jar;C:\maven_local_repo\org\xmlunit\xmlunit-core\2.6.3\xmlunit-core-2.6.3.jar;C:\maven_local_repo\junit\junit\4.12\junit-4.12.jar;C:\maven_local_repo\org\hamcrest\hamcrest-core\2.1\hamcrest-core-2.1.jar;"/>
    <property name="sun.cpu.endian" value="little"/>
    <property name="user.home" value="C:\Users\ManuJadli"/>
    <property name="user.language" value="en"/>
    <property name="java.specification.vendor" value="Oracle Corporation"/>
    <property name="java.version.date" value="2019-07-16"/>
    <property name="java.home" value="C:\Softwares\Java\jdk-11.0.4"/>
    <property name="file.separator" value="\"/>
    <property name="basedir" value="C:\Metaswitch\MSW\Kirill\Jenkins\repo_m\ws\networkConfiguration"/>
    <property name="java.vm.compressedOopsMode" value="32-bit"/>
    <property name="line.separator" value="&#10;"/>
    <property name="java.specification.name" value="Java Platform API Specification"/>
    <property name="java.vm.specification.vendor" value="Oracle Corporation"/>
    <property name="java.awt.graphicsenv" value="sun.awt.Win32GraphicsEnvironment"/>
    <property name="surefire.real.class.path" value="C:\Users\MANUJA~1\AppData\Local\Temp\surefire7575271462167036763\surefirebooter14203245100920662919.jar"/>
    <property name="user.script" value=""/>
    <property name="sun.management.compiler" value="HotSpot 64-Bit Tiered Compilers"/>
    <property name="java.runtime.version" value="11.0.4+10-LTS"/>
    <property name="user.name" value="ManuJadli"/>
    <property name="path.separator" value=";"/>
    <property name="os.version" value="10.0"/>
    <property name="java.runtime.name" value="Java(TM) SE Runtime Environment"/>
    <property name="file.encoding" value="Cp1252"/>
    <property name="java.vm.name" value="Java HotSpot(TM) 64-Bit Server VM"/>
    <property name="java.vendor.version" value="18.9"/>
    <property name="localRepository" value="C:\maven_local_repo"/>
    <property name="java.vendor.url.bug" value="http://bugreport.java.com/bugreport/"/>
    <property name="java.io.tmpdir" value="C:\Users\MANUJA~1\AppData\Local\Temp\"/>
    <property name="java.version" value="11.0.4"/>
    <property name="user.dir" value="C:\Metaswitch\MSW\Kirill\Jenkins\repo_m\ws\networkConfiguration"/>
    <property name="os.arch" value="amd64"/>
    <property name="java.vm.specification.name" value="Java Virtual Machine Specification"/>
    <property name="java.awt.printerjob" value="sun.awt.windows.WPrinterJob"/>
    <property name="sun.os.patch.level" value=""/>
    <property name="java.library.path" value="C:\Softwares\Java\jdk-11.0.4\bin;C:\WINDOWS\Sun\Java\bin;C:\WINDOWS\system32;C:\WINDOWS;C:\Softwares\Java\jdk1.8.0_65\bin;C:\Program Files (x86)\Common Files\Oracle\Java\javapath;C:\app\ManuJadli\product\11.1.0\db_2\bin;C:\oracle\app\product\11.1.0\db_1\bin;C:\ProgramData\Oracle\Java\javapath;C:\WINDOWS\system32;C:\WINDOWS;C:\WINDOWS\System32\Wbem;C:\WINDOWS\System32\WindowsPowerShell\v1.0\;C:\WINDOWS\System32\OpenSSH\;C:\Softwares\Maven\apache-maven-3.6.0-bin\apache-maven-3.6.0\bin;C:\Program Files\PuTTY\;C:\Softwares\Gradle\Binary\gradle-5.3.1\bin;C:\Program Files\Microsoft\Web Platform Installer\;C:\Program Files (x86)\Microsoft ASP.NET\ASP.NET Web Pages\v1.0\;C:\Program Files\Microsoft SQL Server\110\Tools\Binn\;C:\Program Files\IBM\Cloud\bin;C:\Program Files (x86)\Bitvise SSH Client;C:\Program Files\nodejs\;C:\Softwares\SonarQuebe\sonar-runner-dist-2.4\sonar-runner-2.4\bin;C:\Program Files\Git\cmd;C:\Program Files\Intel\WiFi\bin\;C:\Program Files\Common Files\Intel\WirelessCommon\;C:\Users\ManuJadli\AppData\Local\Programs\Python\Python37-32;C:\Users\ManuJadli\AppData\Local\Programs\Python\Python37-32\Scripts;C:\Program Files (x86)\Webex\Webex\Applications;C:\Users\ManuJadli\AppData\Local\Microsoft\WindowsApps;C:\Users\ManuJadli\AppData\Roaming\npm;C:\Users\ManuJadli\AppData\Local\Programs\Microsoft VS Code\bin;C:\Users\ManuJadli\AppData\Local\atom\bin;C:\Users\ManuJadli\AppData\Local\Microsoft\WindowsApps;C:\Softwares\Kafka\kafka_2.12-2.3.1\bin\windows;;."/>
    <property name="java.vendor" value="Oracle Corporation"/>
    <property name="java.vm.info" value="mixed mode"/>
    <property name="java.vm.version" value="11.0.4+10-LTS"/>
    <property name="sun.io.unicode.encoding" value="UnicodeLittle"/>
    <property name="java.class.version" value="55.0"/>
  </properties>
  <testcase name="addTwoNumbersTest" classname="com.networks.in.uk.JenkinsCalculatorTest" time="0"/>
  <testcase name="substractTwoNumbersTest" classname="com.networks.in.uk.JenkinsCalculatorTest" time="0"/>
</testsuite>